<?xml version="1.0" encoding="UTF-8"?>
<!-- Generated by org.testng.reporters.JUnitReportReporter -->
<testsuite hostname="DESKTOP-Swapnil" failures="0" tests="8" name="com.utility.classes.Priority" time="0.040" errors="0" timestamp="2022-10-09T13:09:49 IST" skipped="0">
  <testcase classname="com.utility.classes.Priority" name="method4" time="0.002"/>
  <system-out/>
  <testcase classname="com.utility.classes.Priority" name="method7" time="0.001"/>
  <system-out/>
  <testcase classname="com.utility.classes.Priority" name="method1" time="0.003"/>
  <system-out/>
  <testcase classname="com.utility.classes.Priority" name="method7" time="0.005"/>
  <system-out/>
  <testcase classname="com.utility.classes.Priority" name="method6" time="0.013"/>
  <system-out/>
  <testcase classname="com.utility.classes.Priority" name="method6" time="0.009"/>
  <system-out/>
  <testcase classname="com.utility.classes.Priority" name="method2" time="0.004"/>
  <system-out/>
  <testcase classname="com.utility.classes.Priority" name="method3" time="0.003"/>
  <system-out/>
</testsuite> <!-- com.utility.classes.Priority -->
