<?xml version="1.0" encoding="UTF-8"?>
<!-- Generated by org.testng.reporters.JUnitReportReporter -->
<testsuite hostname="DESKTOP-Swapnil" failures="0" tests="1" name="com.sauceDemo.TestClasses.TC05_VerifyDropdownFunctionalityTestClass" time="7.824" errors="0" timestamp="2022-10-10T12:16:09 IST" skipped="0">
  <testcase classname="com.sauceDemo.TestClasses.TC05_VerifyDropdownFunctionalityTestClass" name="VerifyDropdownFunctionalityTestClass" time="7.824"/>
  <system-out/>
</testsuite> <!-- com.sauceDemo.TestClasses.TC05_VerifyDropdownFunctionalityTestClass -->
